  SimplefreeGLUTcode_23HW1_Open.cpp
D:\학교\2023 - 1학기\컴퓨터그래픽스\HW1\1.0.SimplefreeGLUTcode_23HW1_Open\1.0.SimplefreeGLUTcode\SimplefreeGLUTcode_23HW1_Open.cpp(76,17): warning C4244: '=': 'double'에서 'float'(으)로 변환하면서 데이터가 손실될 수 있습니다.
D:\학교\2023 - 1학기\컴퓨터그래픽스\HW1\1.0.SimplefreeGLUTcode_23HW1_Open\1.0.SimplefreeGLUTcode\SimplefreeGLUTcode_23HW1_Open.cpp(77,17): warning C4244: '=': 'double'에서 'float'(으)로 변환하면서 데이터가 손실될 수 있습니다.
D:\학교\2023 - 1학기\컴퓨터그래픽스\HW1\1.0.SimplefreeGLUTcode_23HW1_Open\1.0.SimplefreeGLUTcode\SimplefreeGLUTcode_23HW1_Open.cpp(78,17): warning C4244: '=': 'double'에서 'float'(으)로 변환하면서 데이터가 손실될 수 있습니다.
D:\학교\2023 - 1학기\컴퓨터그래픽스\HW1\1.0.SimplefreeGLUTcode_23HW1_Open\1.0.SimplefreeGLUTcode\SimplefreeGLUTcode_23HW1_Open.cpp(79,17): warning C4244: '=': 'double'에서 'float'(으)로 변환하면서 데이터가 손실될 수 있습니다.
D:\학교\2023 - 1학기\컴퓨터그래픽스\HW1\1.0.SimplefreeGLUTcode_23HW1_Open\1.0.SimplefreeGLUTcode\SimplefreeGLUTcode_23HW1_Open.cpp(384,41): warning C4244: '인수': 'double'에서 'float'(으)로 변환하면서 데이터가 손실될 수 있습니다.
D:\학교\2023 - 1학기\컴퓨터그래픽스\HW1\1.0.SimplefreeGLUTcode_23HW1_Open\1.0.SimplefreeGLUTcode\SimplefreeGLUTcode_23HW1_Open.cpp(398,46): warning C4244: '인수': 'double'에서 'float'(으)로 변환하면서 데이터가 손실될 수 있습니다.
D:\학교\2023 - 1학기\컴퓨터그래픽스\HW1\1.0.SimplefreeGLUTcode_23HW1_Open\1.0.SimplefreeGLUTcode\SimplefreeGLUTcode_23HW1_Open.cpp(569,42): warning C4244: '인수': 'double'에서 'float'(으)로 변환하면서 데이터가 손실될 수 있습니다.
D:\학교\2023 - 1학기\컴퓨터그래픽스\HW1\1.0.SimplefreeGLUTcode_23HW1_Open\1.0.SimplefreeGLUTcode\SimplefreeGLUTcode_23HW1_Open.cpp(607,42): warning C4244: '인수': 'double'에서 'float'(으)로 변환하면서 데이터가 손실될 수 있습니다.
D:\학교\2023 - 1학기\컴퓨터그래픽스\HW1\1.0.SimplefreeGLUTcode_23HW1_Open\1.0.SimplefreeGLUTcode\SimplefreeGLUTcode_23HW1_Open.cpp(659,19): warning C4244: '인수': 'float'에서 'GLint'(으)로 변환하면서 데이터가 손실될 수 있습니다.
D:\학교\2023 - 1학기\컴퓨터그래픽스\HW1\1.0.SimplefreeGLUTcode_23HW1_Open\1.0.SimplefreeGLUTcode\SimplefreeGLUTcode_23HW1_Open.cpp(659,13): warning C4244: '인수': 'float'에서 'GLint'(으)로 변환하면서 데이터가 손실될 수 있습니다.
D:\학교\2023 - 1학기\컴퓨터그래픽스\HW1\1.0.SimplefreeGLUTcode_23HW1_Open\1.0.SimplefreeGLUTcode\SimplefreeGLUTcode_23HW1_Open.cpp(692,29): warning C4244: '=': 'double'에서 'float'(으)로 변환하면서 데이터가 손실될 수 있습니다.
D:\학교\2023 - 1학기\컴퓨터그래픽스\HW1\1.0.SimplefreeGLUTcode_23HW1_Open\1.0.SimplefreeGLUTcode\SimplefreeGLUTcode_23HW1_Open.cpp(694,23): warning C4244: '=': 'double'에서 'float'(으)로 변환하면서 데이터가 손실될 수 있습니다.
D:\학교\2023 - 1학기\컴퓨터그래픽스\HW1\1.0.SimplefreeGLUTcode_23HW1_Open\1.0.SimplefreeGLUTcode\SimplefreeGLUTcode_23HW1_Open.cpp(695,23): warning C4244: '=': 'double'에서 'float'(으)로 변환하면서 데이터가 손실될 수 있습니다.
D:\학교\2023 - 1학기\컴퓨터그래픽스\HW1\1.0.SimplefreeGLUTcode_23HW1_Open\1.0.SimplefreeGLUTcode\SimplefreeGLUTcode_23HW1_Open.cpp(696,23): warning C4244: '=': 'double'에서 'float'(으)로 변환하면서 데이터가 손실될 수 있습니다.
D:\학교\2023 - 1학기\컴퓨터그래픽스\HW1\1.0.SimplefreeGLUTcode_23HW1_Open\1.0.SimplefreeGLUTcode\SimplefreeGLUTcode_23HW1_Open.cpp(700,23): warning C4244: '=': 'double'에서 'float'(으)로 변환하면서 데이터가 손실될 수 있습니다.
D:\학교\2023 - 1학기\컴퓨터그래픽스\HW1\1.0.SimplefreeGLUTcode_23HW1_Open\1.0.SimplefreeGLUTcode\SimplefreeGLUTcode_23HW1_Open.cpp(701,30): warning C4244: '=': 'double'에서 'float'(으)로 변환하면서 데이터가 손실될 수 있습니다.
D:\학교\2023 - 1학기\컴퓨터그래픽스\HW1\1.0.SimplefreeGLUTcode_23HW1_Open\1.0.SimplefreeGLUTcode\SimplefreeGLUTcode_23HW1_Open.cpp(713,36): warning C4244: '=': 'double'에서 'float'(으)로 변환하면서 데이터가 손실될 수 있습니다.
D:\학교\2023 - 1학기\컴퓨터그래픽스\HW1\1.0.SimplefreeGLUTcode_23HW1_Open\1.0.SimplefreeGLUTcode\SimplefreeGLUTcode_23HW1_Open.cpp(714,31): warning C4244: '=': 'double'에서 'float'(으)로 변환하면서 데이터가 손실될 수 있습니다.
D:\학교\2023 - 1학기\컴퓨터그래픽스\HW1\1.0.SimplefreeGLUTcode_23HW1_Open\1.0.SimplefreeGLUTcode\SimplefreeGLUTcode_23HW1_Open.cpp(715,31): warning C4244: '=': 'double'에서 'float'(으)로 변환하면서 데이터가 손실될 수 있습니다.
D:\학교\2023 - 1학기\컴퓨터그래픽스\HW1\1.0.SimplefreeGLUTcode_23HW1_Open\1.0.SimplefreeGLUTcode\SimplefreeGLUTcode_23HW1_Open.cpp(716,24): warning C4244: '=': 'double'에서 'float'(으)로 변환하면서 데이터가 손실될 수 있습니다.
D:\학교\2023 - 1학기\컴퓨터그래픽스\HW1\1.0.SimplefreeGLUTcode_23HW1_Open\1.0.SimplefreeGLUTcode\SimplefreeGLUTcode_23HW1_Open.cpp(718,31): warning C4244: '=': 'double'에서 'float'(으)로 변환하면서 데이터가 손실될 수 있습니다.
D:\학교\2023 - 1학기\컴퓨터그래픽스\HW1\1.0.SimplefreeGLUTcode_23HW1_Open\1.0.SimplefreeGLUTcode\SimplefreeGLUTcode_23HW1_Open.cpp(719,31): warning C4244: '=': 'double'에서 'float'(으)로 변환하면서 데이터가 손실될 수 있습니다.
D:\학교\2023 - 1학기\컴퓨터그래픽스\HW1\1.0.SimplefreeGLUTcode_23HW1_Open\1.0.SimplefreeGLUTcode\SimplefreeGLUTcode_23HW1_Open.cpp(721,32): warning C4244: '=': 'double'에서 'float'(으)로 변환하면서 데이터가 손실될 수 있습니다.
D:\학교\2023 - 1학기\컴퓨터그래픽스\HW1\1.0.SimplefreeGLUTcode_23HW1_Open\1.0.SimplefreeGLUTcode\SimplefreeGLUTcode_23HW1_Open.cpp(722,30): warning C4244: '=': 'double'에서 'float'(으)로 변환하면서 데이터가 손실될 수 있습니다.
D:\학교\2023 - 1학기\컴퓨터그래픽스\HW1\1.0.SimplefreeGLUTcode_23HW1_Open\1.0.SimplefreeGLUTcode\SimplefreeGLUTcode_23HW1_Open.cpp(723,22): warning C4244: '=': 'double'에서 'float'(으)로 변환하면서 데이터가 손실될 수 있습니다.
D:\학교\2023 - 1학기\컴퓨터그래픽스\HW1\1.0.SimplefreeGLUTcode_23HW1_Open\1.0.SimplefreeGLUTcode\SimplefreeGLUTcode_23HW1_Open.cpp(724,30): warning C4244: '=': 'double'에서 'float'(으)로 변환하면서 데이터가 손실될 수 있습니다.
D:\학교\2023 - 1학기\컴퓨터그래픽스\HW1\1.0.SimplefreeGLUTcode_23HW1_Open\1.0.SimplefreeGLUTcode\SimplefreeGLUTcode_23HW1_Open.cpp(725,31): warning C4244: '=': 'double'에서 'float'(으)로 변환하면서 데이터가 손실될 수 있습니다.
D:\학교\2023 - 1학기\컴퓨터그래픽스\HW1\1.0.SimplefreeGLUTcode_23HW1_Open\1.0.SimplefreeGLUTcode\SimplefreeGLUTcode_23HW1_Open.cpp(726,30): warning C4244: '=': 'double'에서 'float'(으)로 변환하면서 데이터가 손실될 수 있습니다.
D:\학교\2023 - 1학기\컴퓨터그래픽스\HW1\1.0.SimplefreeGLUTcode_23HW1_Open\1.0.SimplefreeGLUTcode\SimplefreeGLUTcode_23HW1_Open.cpp(727,22): warning C4244: '=': 'double'에서 'float'(으)로 변환하면서 데이터가 손실될 수 있습니다.
D:\학교\2023 - 1학기\컴퓨터그래픽스\HW1\1.0.SimplefreeGLUTcode_23HW1_Open\1.0.SimplefreeGLUTcode\SimplefreeGLUTcode_23HW1_Open.cpp(728,31): warning C4244: '=': 'double'에서 'float'(으)로 변환하면서 데이터가 손실될 수 있습니다.
D:\학교\2023 - 1학기\컴퓨터그래픽스\HW1\1.0.SimplefreeGLUTcode_23HW1_Open\1.0.SimplefreeGLUTcode\SimplefreeGLUTcode_23HW1_Open.cpp(769,35): warning C4326: 'main'의 반환 형식이 'int'이어야 하는데 'void'입니다.
  1.0.SimplefreeGLUTcode.vcxproj -> D:\학교\2023 - 1학기\컴퓨터그래픽스\HW1\1.0.SimplefreeGLUTcode_23HW1_Open\x64\Debug\1.0.SimplefreeGLUTcode.exe
